<?xml version="1.0" encoding="UTF-8"?>
<testsuite name="com.example.demo.discount.RateDiscountPolicyTest" tests="2" skipped="0" failures="0" errors="0" timestamp="2024-05-02T08:23:56" hostname="jaengbug.local" time="0.032">
  <properties/>
  <testcase name="VIP는 10% 할인이 적용되어야 한다." classname="com.example.demo.discount.RateDiscountPolicyTest" time="0.028"/>
  <testcase name="VIP가 아니면 할인이 적용되지 않아야 한다." classname="com.example.demo.discount.RateDiscountPolicyTest" time="0.002"/>
  <system-out><![CDATA[]]></system-out>
  <system-err><![CDATA[]]></system-err>
</testsuite>
