<?xml version="1.0" encoding="UTF-8"?>
<testsuite name="com.example.demo.beanfind.ApplicationContextBasicFindTest" tests="4" skipped="0" failures="0" errors="0" timestamp="2024-05-02T09:12:08" hostname="jaengbug.local" time="0.063">
  <properties/>
  <testcase name="구체 타입으로 조회" classname="com.example.demo.beanfind.ApplicationContextBasicFindTest" time="0.029"/>
  <testcase name="빈 이름으로 조회X" classname="com.example.demo.beanfind.ApplicationContextBasicFindTest" time="0.005"/>
  <testcase name="빈 이름으로 조회" classname="com.example.demo.beanfind.ApplicationContextBasicFindTest" time="0.001"/>
  <testcase name="이름 없이 타입만으로 조회" classname="com.example.demo.beanfind.ApplicationContextBasicFindTest" time="0.002"/>
  <system-out><![CDATA[]]></system-out>
  <system-err><![CDATA[]]></system-err>
</testsuite>
